#! /usr/bin/vvp
:ivl_version "10.3 (stable)";
:ivl_delay_selection "TYPICAL";
:vpi_time_precision + 0;
:vpi_module "system";
:vpi_module "vhdl_sys";
:vpi_module "v2005_math";
:vpi_module "va_math";
S_0x55ab23ce3150 .scope module, "alu" "alu" 2 3;
 .timescale 0 0;
    .port_info 0 /INPUT 8 "DATA1"
    .port_info 1 /INPUT 8 "DATA2"
    .port_info 2 /OUTPUT 8 "RESULT"
    .port_info 3 /INPUT 3 "SELECT"
o0x7fc414fbe018 .functor BUFZ 8, C4<zzzzzzzz>; HiZ drive
v0x55ab23ce3380_0 .net "DATA1", 0 7, o0x7fc414fbe018;  0 drivers
o0x7fc414fbe048 .functor BUFZ 8, C4<zzzzzzzz>; HiZ drive
v0x55ab23d284e0_0 .net "DATA2", 0 7, o0x7fc414fbe048;  0 drivers
v0x55ab23d285c0_0 .var "RESULT", 0 7;
o0x7fc414fbe0a8 .functor BUFZ 3, C4<zzz>; HiZ drive
v0x55ab23d286b0_0 .net "SELECT", 0 2, o0x7fc414fbe0a8;  0 drivers
E_0x55ab23d18a90 .event edge, v0x55ab23d286b0_0, v0x55ab23d284e0_0, v0x55ab23ce3380_0;
    .scope S_0x55ab23ce3150;
T_0 ;
    %wait E_0x55ab23d18a90;
    %load/vec4 v0x55ab23d286b0_0;
    %cmpi/e 0, 0, 3;
    %jmp/0xz  T_0.0, 4;
    %load/vec4 v0x55ab23d284e0_0;
    %store/vec4 v0x55ab23d285c0_0, 0, 8;
T_0.0 ;
    %load/vec4 v0x55ab23d286b0_0;
    %cmpi/e 1, 0, 3;
    %jmp/0xz  T_0.2, 4;
    %load/vec4 v0x55ab23ce3380_0;
    %load/vec4 v0x55ab23d284e0_0;
    %add;
    %store/vec4 v0x55ab23d285c0_0, 0, 8;
T_0.2 ;
    %load/vec4 v0x55ab23d286b0_0;
    %cmpi/e 2, 0, 3;
    %jmp/0xz  T_0.4, 4;
    %load/vec4 v0x55ab23ce3380_0;
    %load/vec4 v0x55ab23d284e0_0;
    %and;
    %store/vec4 v0x55ab23d285c0_0, 0, 8;
T_0.4 ;
    %load/vec4 v0x55ab23d286b0_0;
    %cmpi/e 3, 0, 3;
    %jmp/0xz  T_0.6, 4;
    %load/vec4 v0x55ab23ce3380_0;
    %load/vec4 v0x55ab23d284e0_0;
    %or;
    %store/vec4 v0x55ab23d285c0_0, 0, 8;
T_0.6 ;
    %jmp T_0;
    .thread T_0, $push;
# The file index is used to find the file name in the following table.
:file_names 3;
    "N/A";
    "<interactive>";
    "alu.v";
